<?xml version="1.0" encoding="UTF-8"?>
<!-- Generated by org.testng.reporters.JUnitReportReporter -->
<testsuite skipped="0" hostname="LENOVO-24D228IG" name="com.sapiensAcademy.ProyectoFinal.Proyecto" tests="4" failures="0" timestamp="2021-09-28T20:35:19 CDT" time="14.225" errors="0">
  <testcase name="validarCarrito" time="1.250" classname="com.sapiensAcademy.ProyectoFinal.Proyecto"/>
  <system-out/>
  <testcase name="borrarElemento" time="2.288" classname="com.sapiensAcademy.ProyectoFinal.Proyecto"/>
  <system-out/>
  <testcase name="agregarProducto" time="4.435" classname="com.sapiensAcademy.ProyectoFinal.Proyecto"/>
  <system-out/>
  <testcase name="agregarVarios" time="6.252" classname="com.sapiensAcademy.ProyectoFinal.Proyecto"/>
  <system-out/>
</testsuite> <!-- com.sapiensAcademy.ProyectoFinal.Proyecto -->
